mysqld, Version: 5.7.28-log (MySQL Community Server (GPL)). started with:
Tcp port: 3306  Unix socket: /var/run/mysqld/mysqld.sock
Time                 Id Command    Argument
mysqld, Version: 5.7.28-log (MySQL Community Server (GPL)). started with:
Tcp port: 0  Unix socket: /var/run/mysqld/mysqld.sock
Time                 Id Command    Argument
mysqld, Version: 5.7.28-log (MySQL Community Server (GPL)). started with:
Tcp port: 3306  Unix socket: /var/run/mysqld/mysqld.sock
Time                 Id Command    Argument
mysqld, Version: 5.7.28-log (MySQL Community Server (GPL)). started with:
Tcp port: 3306  Unix socket: /var/run/mysqld/mysqld.sock
Time                 Id Command    Argument
mysqld, Version: 5.7.28-log (MySQL Community Server (GPL)). started with:
Tcp port: 3306  Unix socket: /var/run/mysqld/mysqld.sock
Time                 Id Command    Argument
mysqld, Version: 5.7.28-log (MySQL Community Server (GPL)). started with:
Tcp port: 3306  Unix socket: /var/run/mysqld/mysqld.sock
Time                 Id Command    Argument
mysqld, Version: 5.7.28-log (MySQL Community Server (GPL)). started with:
Tcp port: 3306  Unix socket: /var/run/mysqld/mysqld.sock
Time                 Id Command    Argument
mysqld, Version: 5.7.28-log (MySQL Community Server (GPL)). started with:
Tcp port: 3306  Unix socket: /var/run/mysqld/mysqld.sock
Time                 Id Command    Argument
mysqld, Version: 5.7.28-log (MySQL Community Server (GPL)). started with:
Tcp port: 3306  Unix socket: /var/run/mysqld/mysqld.sock
Time                 Id Command    Argument
mysqld, Version: 5.7.28-log (MySQL Community Server (GPL)). started with:
Tcp port: 3306  Unix socket: /var/run/mysqld/mysqld.sock
Time                 Id Command    Argument
mysqld, Version: 5.7.28-log (MySQL Community Server (GPL)). started with:
Tcp port: 3306  Unix socket: /var/run/mysqld/mysqld.sock
Time                 Id Command    Argument
mysqld, Version: 5.7.28-log (MySQL Community Server (GPL)). started with:
Tcp port: 3306  Unix socket: /var/run/mysqld/mysqld.sock
Time                 Id Command    Argument
mysqld, Version: 5.7.28-log (MySQL Community Server (GPL)). started with:
Tcp port: 3306  Unix socket: /var/run/mysqld/mysqld.sock
Time                 Id Command    Argument
mysqld, Version: 5.7.28-log (MySQL Community Server (GPL)). started with:
Tcp port: 3306  Unix socket: /var/run/mysqld/mysqld.sock
Time                 Id Command    Argument
mysqld, Version: 5.7.28-log (MySQL Community Server (GPL)). started with:
Tcp port: 3306  Unix socket: /var/run/mysqld/mysqld.sock
Time                 Id Command    Argument
mysqld, Version: 5.7.28-log (MySQL Community Server (GPL)). started with:
Tcp port: 3306  Unix socket: /var/run/mysqld/mysqld.sock
Time                 Id Command    Argument
mysqld, Version: 5.7.28-log (MySQL Community Server (GPL)). started with:
Tcp port: 3306  Unix socket: /var/run/mysqld/mysqld.sock
Time                 Id Command    Argument
mysqld, Version: 5.7.28-log (MySQL Community Server (GPL)). started with:
Tcp port: 3306  Unix socket: /var/run/mysqld/mysqld.sock
Time                 Id Command    Argument
mysqld, Version: 5.7.28-log (MySQL Community Server (GPL)). started with:
Tcp port: 3306  Unix socket: /var/run/mysqld/mysqld.sock
Time                 Id Command    Argument
mysqld, Version: 5.7.28-log (MySQL Community Server (GPL)). started with:
Tcp port: 3306  Unix socket: /var/run/mysqld/mysqld.sock
Time                 Id Command    Argument
mysqld, Version: 5.7.28-log (MySQL Community Server (GPL)). started with:
Tcp port: 3306  Unix socket: /var/run/mysqld/mysqld.sock
Time                 Id Command    Argument
mysqld, Version: 5.7.28-log (MySQL Community Server (GPL)). started with:
Tcp port: 3306  Unix socket: /var/run/mysqld/mysqld.sock
Time                 Id Command    Argument
mysqld, Version: 5.7.28-log (MySQL Community Server (GPL)). started with:
Tcp port: 3306  Unix socket: /var/run/mysqld/mysqld.sock
Time                 Id Command    Argument
mysqld, Version: 5.7.28-log (MySQL Community Server (GPL)). started with:
Tcp port: 3306  Unix socket: /var/run/mysqld/mysqld.sock
Time                 Id Command    Argument
mysqld, Version: 5.7.28-log (MySQL Community Server (GPL)). started with:
Tcp port: 3306  Unix socket: /var/run/mysqld/mysqld.sock
Time                 Id Command    Argument
mysqld, Version: 5.7.28-log (MySQL Community Server (GPL)). started with:
Tcp port: 3306  Unix socket: /var/run/mysqld/mysqld.sock
Time                 Id Command    Argument
mysqld, Version: 5.7.28-log (MySQL Community Server (GPL)). started with:
Tcp port: 3306  Unix socket: /var/run/mysqld/mysqld.sock
Time                 Id Command    Argument
mysqld, Version: 5.7.28-log (MySQL Community Server (GPL)). started with:
Tcp port: 3306  Unix socket: /var/run/mysqld/mysqld.sock
Time                 Id Command    Argument
mysqld, Version: 5.7.28-log (MySQL Community Server (GPL)). started with:
Tcp port: 3306  Unix socket: /var/run/mysqld/mysqld.sock
Time                 Id Command    Argument
mysqld, Version: 5.7.28-log (MySQL Community Server (GPL)). started with:
Tcp port: 3306  Unix socket: /var/run/mysqld/mysqld.sock
Time                 Id Command    Argument
mysqld, Version: 5.7.28-log (MySQL Community Server (GPL)). started with:
Tcp port: 3306  Unix socket: /var/run/mysqld/mysqld.sock
Time                 Id Command    Argument
mysqld, Version: 5.7.28-log (MySQL Community Server (GPL)). started with:
Tcp port: 3306  Unix socket: /var/run/mysqld/mysqld.sock
Time                 Id Command    Argument
mysqld, Version: 5.7.28-log (MySQL Community Server (GPL)). started with:
Tcp port: 3306  Unix socket: /var/run/mysqld/mysqld.sock
Time                 Id Command    Argument
mysqld, Version: 5.7.28-log (MySQL Community Server (GPL)). started with:
Tcp port: 3306  Unix socket: /var/run/mysqld/mysqld.sock
Time                 Id Command    Argument
mysqld, Version: 5.7.28-log (MySQL Community Server (GPL)). started with:
Tcp port: 3306  Unix socket: /var/run/mysqld/mysqld.sock
Time                 Id Command    Argument
mysqld, Version: 5.7.28-log (MySQL Community Server (GPL)). started with:
Tcp port: 3306  Unix socket: /var/run/mysqld/mysqld.sock
Time                 Id Command    Argument
mysqld, Version: 5.7.28-log (MySQL Community Server (GPL)). started with:
Tcp port: 3306  Unix socket: /var/run/mysqld/mysqld.sock
Time                 Id Command    Argument
mysqld, Version: 5.7.28-log (MySQL Community Server (GPL)). started with:
Tcp port: 3306  Unix socket: /var/run/mysqld/mysqld.sock
Time                 Id Command    Argument
mysqld, Version: 5.7.28-log (MySQL Community Server (GPL)). started with:
Tcp port: 3306  Unix socket: /var/run/mysqld/mysqld.sock
Time                 Id Command    Argument
mysqld, Version: 5.7.28-log (MySQL Community Server (GPL)). started with:
Tcp port: 3306  Unix socket: /var/run/mysqld/mysqld.sock
Time                 Id Command    Argument
mysqld, Version: 5.7.28-log (MySQL Community Server (GPL)). started with:
Tcp port: 3306  Unix socket: /var/run/mysqld/mysqld.sock
Time                 Id Command    Argument
mysqld, Version: 5.7.28-log (MySQL Community Server (GPL)). started with:
Tcp port: 3306  Unix socket: /var/run/mysqld/mysqld.sock
Time                 Id Command    Argument
mysqld, Version: 5.7.28-log (MySQL Community Server (GPL)). started with:
Tcp port: 3306  Unix socket: /var/run/mysqld/mysqld.sock
Time                 Id Command    Argument
mysqld, Version: 5.7.28-log (MySQL Community Server (GPL)). started with:
Tcp port: 3306  Unix socket: /var/run/mysqld/mysqld.sock
Time                 Id Command    Argument
mysqld, Version: 5.7.28-log (MySQL Community Server (GPL)). started with:
Tcp port: 3306  Unix socket: /var/run/mysqld/mysqld.sock
Time                 Id Command    Argument
mysqld, Version: 5.7.28-log (MySQL Community Server (GPL)). started with:
Tcp port: 3306  Unix socket: /var/run/mysqld/mysqld.sock
Time                 Id Command    Argument
mysqld, Version: 5.7.28-log (MySQL Community Server (GPL)). started with:
Tcp port: 3306  Unix socket: /var/run/mysqld/mysqld.sock
Time                 Id Command    Argument
mysqld, Version: 5.7.28-log (MySQL Community Server (GPL)). started with:
Tcp port: 3306  Unix socket: /var/run/mysqld/mysqld.sock
Time                 Id Command    Argument
mysqld, Version: 5.7.28-log (MySQL Community Server (GPL)). started with:
Tcp port: 3306  Unix socket: /var/run/mysqld/mysqld.sock
Time                 Id Command    Argument
mysqld, Version: 5.7.28-log (MySQL Community Server (GPL)). started with:
Tcp port: 3306  Unix socket: /var/run/mysqld/mysqld.sock
Time                 Id Command    Argument
mysqld, Version: 5.7.28-log (MySQL Community Server (GPL)). started with:
Tcp port: 3306  Unix socket: /var/run/mysqld/mysqld.sock
Time                 Id Command    Argument
mysqld, Version: 5.7.28-log (MySQL Community Server (GPL)). started with:
Tcp port: 3306  Unix socket: /var/run/mysqld/mysqld.sock
Time                 Id Command    Argument
# Time: 2023-08-14T10:55:02.043671Z
# User@Host: root[root] @  [172.18.0.1]  Id:   339
# Query_time: 7.321761  Lock_time: 0.001266 Rows_sent: 394693  Rows_examined: 394693
use cat;
SET timestamp=1692010502;
SELECT * FROM `tbl_single_video`  WHERE (id > 0);
mysqld, Version: 5.7.28-log (MySQL Community Server (GPL)). started with:
Tcp port: 3306  Unix socket: /var/run/mysqld/mysqld.sock
Time                 Id Command    Argument
mysqld, Version: 5.7.28-log (MySQL Community Server (GPL)). started with:
Tcp port: 3306  Unix socket: /var/run/mysqld/mysqld.sock
Time                 Id Command    Argument
# Time: 2023-09-14T03:44:26.483780Z
# User@Host: root[root] @  [172.18.0.1]  Id:   398
# Query_time: 6.709233  Lock_time: 0.000142 Rows_sent: 32842  Rows_examined: 32842
use web;
SET timestamp=1694663066;
SELECT * FROM `st_album`  WHERE (state = 1);
# Time: 2023-09-14T03:44:27.248333Z
# User@Host: root[root] @  [172.18.0.1]  Id:   427
# Query_time: 7.339927  Lock_time: 0.273627 Rows_sent: 32842  Rows_examined: 32842
SET timestamp=1694663067;
SELECT * FROM `st_album`  WHERE (state = 1);
# Time: 2023-09-14T03:44:27.265329Z
# User@Host: root[root] @  [172.18.0.1]  Id:   403
# Query_time: 7.458489  Lock_time: 0.006315 Rows_sent: 32842  Rows_examined: 32842
SET timestamp=1694663067;
SELECT * FROM `st_album`  WHERE (state = 1);
# Time: 2023-09-14T03:44:27.328277Z
# User@Host: root[root] @  [172.18.0.1]  Id:   424
# Query_time: 7.420426  Lock_time: 0.330012 Rows_sent: 32842  Rows_examined: 32842
SET timestamp=1694663067;
SELECT * FROM `st_album`  WHERE (state = 1);
# Time: 2023-09-14T03:44:27.433566Z
# User@Host: root[root] @  [172.18.0.1]  Id:   407
# Query_time: 7.624243  Lock_time: 0.008893 Rows_sent: 32842  Rows_examined: 32842
SET timestamp=1694663067;
SELECT * FROM `st_album`  WHERE (state = 1);
# Time: 2023-09-14T03:44:27.447112Z
# User@Host: root[root] @  [172.18.0.1]  Id:   418
# Query_time: 7.603965  Lock_time: 0.392114 Rows_sent: 32842  Rows_examined: 32842
SET timestamp=1694663067;
SELECT * FROM `st_album`  WHERE (state = 1);
# Time: 2023-09-14T03:44:27.451263Z
# User@Host: root[root] @  [172.18.0.1]  Id:   397
# Query_time: 7.685999  Lock_time: 0.000098 Rows_sent: 32842  Rows_examined: 32842
SET timestamp=1694663067;
SELECT * FROM `st_album`  WHERE (state = 1);
# Time: 2023-09-14T03:44:27.502747Z
# User@Host: root[root] @  [172.18.0.1]  Id:   401
# Query_time: 7.698751  Lock_time: 0.001406 Rows_sent: 32842  Rows_examined: 32842
SET timestamp=1694663067;
SELECT * FROM `st_album`  WHERE (state = 1);
# Time: 2023-09-14T03:44:27.550040Z
# User@Host: root[root] @  [172.18.0.1]  Id:   419
# Query_time: 7.706993  Lock_time: 0.351593 Rows_sent: 32842  Rows_examined: 32842
SET timestamp=1694663067;
SELECT * FROM `st_album`  WHERE (state = 1);
# Time: 2023-09-14T03:44:27.590678Z
# User@Host: root[root] @  [172.18.0.1]  Id:   412
# Query_time: 7.769511  Lock_time: 0.370396 Rows_sent: 32842  Rows_examined: 32842
SET timestamp=1694663067;
SELECT * FROM `st_album`  WHERE (state = 1);
# Time: 2023-09-14T03:44:27.612997Z
# User@Host: root[root] @  [172.18.0.1]  Id:   400
# Query_time: 7.811696  Lock_time: 0.001815 Rows_sent: 32842  Rows_examined: 32842
SET timestamp=1694663067;
SELECT * FROM `st_album`  WHERE (state = 1);
# Time: 2023-09-14T03:44:27.651728Z
# User@Host: root[root] @  [172.18.0.1]  Id:   413
# Query_time: 7.808590  Lock_time: 0.336474 Rows_sent: 32842  Rows_examined: 32842
SET timestamp=1694663067;
SELECT * FROM `st_album`  WHERE (state = 1);
# Time: 2023-09-14T03:44:27.651893Z
# User@Host: root[root] @  [172.18.0.1]  Id:   405
# Query_time: 7.841952  Lock_time: 0.007025 Rows_sent: 32842  Rows_examined: 32842
SET timestamp=1694663067;
SELECT * FROM `st_album`  WHERE (state = 1);
# Time: 2023-09-14T03:44:27.678795Z
# User@Host: root[root] @  [172.18.0.1]  Id:   402
# Query_time: 7.877035  Lock_time: 0.005296 Rows_sent: 32842  Rows_examined: 32842
SET timestamp=1694663067;
SELECT * FROM `st_album`  WHERE (state = 1);
# Time: 2023-09-14T03:44:27.695638Z
# User@Host: root[root] @  [172.18.0.1]  Id:   404
# Query_time: 7.895120  Lock_time: 0.006239 Rows_sent: 32842  Rows_examined: 32842
SET timestamp=1694663067;
SELECT * FROM `st_album`  WHERE (state = 1);
# Time: 2023-09-14T03:44:27.696302Z
# User@Host: root[root] @  [172.18.0.1]  Id:   399
# Query_time: 7.920876  Lock_time: 0.000091 Rows_sent: 32842  Rows_examined: 32842
SET timestamp=1694663067;
SELECT * FROM `st_album`  WHERE (state = 1);
# Time: 2023-09-14T03:44:27.718869Z
# User@Host: root[root] @  [172.18.0.1]  Id:   420
# Query_time: 7.855495  Lock_time: 0.319958 Rows_sent: 32842  Rows_examined: 32842
SET timestamp=1694663067;
SELECT * FROM `st_album`  WHERE (state = 1);
# Time: 2023-09-14T03:44:27.769492Z
# User@Host: root[root] @  [172.18.0.1]  Id:   410
# Query_time: 7.906111  Lock_time: 0.311047 Rows_sent: 32842  Rows_examined: 32842
SET timestamp=1694663067;
SELECT * FROM `st_album`  WHERE (state = 1);
# Time: 2023-09-14T03:44:27.804716Z
# User@Host: root[root] @  [172.18.0.1]  Id:   416
# Query_time: 7.941008  Lock_time: 0.335655 Rows_sent: 32842  Rows_examined: 32842
SET timestamp=1694663067;
SELECT * FROM `st_album`  WHERE (state = 1);
# Time: 2023-09-14T03:44:27.858162Z
# User@Host: root[root] @  [172.18.0.1]  Id:   426
# Query_time: 7.971049  Lock_time: 0.294007 Rows_sent: 32842  Rows_examined: 32842
SET timestamp=1694663067;
SELECT * FROM `st_album`  WHERE (state = 1);
# Time: 2023-09-14T03:44:27.977742Z
# User@Host: root[root] @  [172.18.0.1]  Id:   421
# Query_time: 8.105248  Lock_time: 0.339340 Rows_sent: 32842  Rows_examined: 32842
SET timestamp=1694663067;
SELECT * FROM `st_album`  WHERE (state = 1);
# Time: 2023-09-14T03:44:27.987900Z
# User@Host: root[root] @  [172.18.0.1]  Id:   406
# Query_time: 8.178569  Lock_time: 0.015118 Rows_sent: 32842  Rows_examined: 32842
SET timestamp=1694663067;
SELECT * FROM `st_album`  WHERE (state = 1);
# Time: 2023-09-14T03:44:28.041165Z
# User@Host: root[root] @  [172.18.0.1]  Id:   415
# Query_time: 8.220280  Lock_time: 0.394131 Rows_sent: 32842  Rows_examined: 32842
SET timestamp=1694663068;
SELECT * FROM `st_album`  WHERE (state = 1);
# Time: 2023-09-14T03:44:28.113186Z
# User@Host: root[root] @  [172.18.0.1]  Id:   423
# Query_time: 8.224783  Lock_time: 0.344513 Rows_sent: 32842  Rows_examined: 32842
SET timestamp=1694663068;
SELECT * FROM `st_album`  WHERE (state = 1);
# Time: 2023-09-14T03:44:28.117534Z
# User@Host: root[root] @  [172.18.0.1]  Id:   408
# Query_time: 8.306743  Lock_time: 0.382211 Rows_sent: 32842  Rows_examined: 32842
SET timestamp=1694663068;
SELECT * FROM `st_album`  WHERE (state = 1);
# Time: 2023-09-14T03:44:28.239788Z
# User@Host: root[root] @  [172.18.0.1]  Id:   425
# Query_time: 8.335083  Lock_time: 0.345630 Rows_sent: 32842  Rows_examined: 32842
SET timestamp=1694663068;
SELECT * FROM `st_album`  WHERE (state = 1);
# Time: 2023-09-14T03:44:28.254219Z
# User@Host: root[root] @  [172.18.0.1]  Id:   428
# Query_time: 8.312892  Lock_time: 0.254314 Rows_sent: 32842  Rows_examined: 32842
SET timestamp=1694663068;
SELECT * FROM `st_album`  WHERE (state = 1);
# Time: 2023-09-14T03:44:28.268464Z
# User@Host: root[root] @  [172.18.0.1]  Id:   411
# Query_time: 8.400009  Lock_time: 0.317227 Rows_sent: 32842  Rows_examined: 32842
SET timestamp=1694663068;
SELECT * FROM `st_album`  WHERE (state = 1);
# Time: 2023-09-14T03:44:28.301135Z
# User@Host: root[root] @  [172.18.0.1]  Id:   422
# Query_time: 8.393285  Lock_time: 0.286025 Rows_sent: 32842  Rows_examined: 32842
SET timestamp=1694663068;
SELECT * FROM `st_album`  WHERE (state = 1);
# Time: 2023-09-14T03:44:28.311751Z
# User@Host: root[root] @  [172.18.0.1]  Id:   409
# Query_time: 8.448274  Lock_time: 0.386720 Rows_sent: 32842  Rows_examined: 32842
SET timestamp=1694663068;
SELECT * FROM `st_album`  WHERE (state = 1);
# Time: 2023-09-14T03:44:28.329457Z
# User@Host: root[root] @  [172.18.0.1]  Id:   429
# Query_time: 8.382148  Lock_time: 0.293020 Rows_sent: 32842  Rows_examined: 32842
SET timestamp=1694663068;
SELECT * FROM `st_album`  WHERE (state = 1);
# Time: 2023-09-14T03:44:28.426138Z
# User@Host: root[root] @  [172.18.0.1]  Id:   417
# Query_time: 8.562641  Lock_time: 0.373021 Rows_sent: 32842  Rows_examined: 32842
SET timestamp=1694663068;
SELECT * FROM `st_album`  WHERE (state = 1);
# Time: 2023-09-14T03:44:28.739193Z
# User@Host: root[root] @  [172.18.0.1]  Id:   414
# Query_time: 8.926370  Lock_time: 0.434158 Rows_sent: 32842  Rows_examined: 32842
SET timestamp=1694663068;
SELECT * FROM `st_album`  WHERE (state = 1);
# Time: 2023-09-14T03:45:44.378648Z
# User@Host: root[root] @  [172.18.0.1]  Id:   438
# Query_time: 3.833499  Lock_time: 0.000385 Rows_sent: 32842  Rows_examined: 32842
SET timestamp=1694663144;
SELECT * FROM `st_album`  WHERE (state = 1);
# Time: 2023-09-14T03:45:44.626650Z
# User@Host: root[root] @  [172.18.0.1]  Id:   434
# Query_time: 4.080375  Lock_time: 0.000413 Rows_sent: 32842  Rows_examined: 32842
SET timestamp=1694663144;
SELECT * FROM `st_album`  WHERE (state = 1);
# Time: 2023-09-14T03:45:44.647630Z
# User@Host: root[root] @  [172.18.0.1]  Id:   436
# Query_time: 4.100580  Lock_time: 0.000064 Rows_sent: 32842  Rows_examined: 32842
SET timestamp=1694663144;
SELECT * FROM `st_album`  WHERE (state = 1);
# Time: 2023-09-14T03:45:44.883998Z
# User@Host: root[root] @  [172.18.0.1]  Id:   449
# Query_time: 4.326079  Lock_time: 0.000228 Rows_sent: 32842  Rows_examined: 32842
SET timestamp=1694663144;
SELECT * FROM `st_album`  WHERE (state = 1);
# Time: 2023-09-14T03:45:44.981283Z
# User@Host: root[root] @  [172.18.0.1]  Id:   437
# Query_time: 4.436148  Lock_time: 0.000166 Rows_sent: 32842  Rows_examined: 32842
SET timestamp=1694663144;
SELECT * FROM `st_album`  WHERE (state = 1);
# Time: 2023-09-14T03:45:45.021293Z
# User@Host: root[root] @  [172.18.0.1]  Id:   442
# Query_time: 4.473679  Lock_time: 0.001039 Rows_sent: 32842  Rows_examined: 32842
SET timestamp=1694663145;
SELECT * FROM `st_album`  WHERE (state = 1);
# Time: 2023-09-14T03:45:45.046444Z
# User@Host: root[root] @  [172.18.0.1]  Id:   460
# Query_time: 4.475004  Lock_time: 0.000068 Rows_sent: 32842  Rows_examined: 32842
SET timestamp=1694663145;
SELECT * FROM `st_album`  WHERE (state = 1);
# Time: 2023-09-14T03:45:45.116302Z
# User@Host: root[root] @  [172.18.0.1]  Id:   456
# Query_time: 4.522550  Lock_time: 0.000075 Rows_sent: 32842  Rows_examined: 32842
SET timestamp=1694663145;
SELECT * FROM `st_album`  WHERE (state = 1);
# Time: 2023-09-14T03:45:45.133974Z
# User@Host: root[root] @  [172.18.0.1]  Id:   440
# Query_time: 4.584929  Lock_time: 0.005209 Rows_sent: 32842  Rows_examined: 32842
SET timestamp=1694663145;
SELECT * FROM `st_album`  WHERE (state = 1);
# Time: 2023-09-14T03:45:45.147332Z
# User@Host: root[root] @  [172.18.0.1]  Id:   455
# Query_time: 4.554436  Lock_time: 0.000114 Rows_sent: 32842  Rows_examined: 32842
SET timestamp=1694663145;
SELECT * FROM `st_album`  WHERE (state = 1);
# Time: 2023-09-14T03:45:45.164570Z
# User@Host: root[root] @  [172.18.0.1]  Id:   430
# Query_time: 4.632652  Lock_time: 0.000153 Rows_sent: 32842  Rows_examined: 32842
SET timestamp=1694663145;
SELECT * FROM `st_album`  WHERE (state = 1);
# Time: 2023-09-14T03:45:45.208266Z
# User@Host: root[root] @  [172.18.0.1]  Id:   446
# Query_time: 4.660423  Lock_time: 0.004273 Rows_sent: 32842  Rows_examined: 32842
SET timestamp=1694663145;
SELECT * FROM `st_album`  WHERE (state = 1);
# Time: 2023-09-14T03:45:45.421719Z
# User@Host: root[root] @  [172.18.0.1]  Id:   453
# Query_time: 4.864927  Lock_time: 0.000151 Rows_sent: 32842  Rows_examined: 32842
SET timestamp=1694663145;
SELECT * FROM `st_album`  WHERE (state = 1);
# Time: 2023-09-14T03:45:45.434148Z
# User@Host: root[root] @  [172.18.0.1]  Id:   461
# Query_time: 4.848830  Lock_time: 0.000374 Rows_sent: 32842  Rows_examined: 32842
SET timestamp=1694663145;
SELECT * FROM `st_album`  WHERE (state = 1);
# Time: 2023-09-14T03:45:45.494051Z
# User@Host: root[root] @  [172.18.0.1]  Id:   435
# Query_time: 4.947074  Lock_time: 0.000083 Rows_sent: 32842  Rows_examined: 32842
SET timestamp=1694663145;
SELECT * FROM `st_album`  WHERE (state = 1);
# Time: 2023-09-14T03:45:45.549414Z
# User@Host: root[root] @  [172.18.0.1]  Id:   451
# Query_time: 4.998902  Lock_time: 0.001978 Rows_sent: 32842  Rows_examined: 32842
SET timestamp=1694663145;
SELECT * FROM `st_album`  WHERE (state = 1);
# Time: 2023-09-14T03:45:45.567774Z
# User@Host: root[root] @  [172.18.0.1]  Id:   454
# Query_time: 4.981883  Lock_time: 0.000060 Rows_sent: 32842  Rows_examined: 32842
SET timestamp=1694663145;
SELECT * FROM `st_album`  WHERE (state = 1);
# Time: 2023-09-14T03:45:45.585273Z
# User@Host: root[root] @  [172.18.0.1]  Id:   462
# Query_time: 4.990993  Lock_time: 0.003736 Rows_sent: 32842  Rows_examined: 32842
SET timestamp=1694663145;
SELECT * FROM `st_album`  WHERE (state = 1);
# Time: 2023-09-14T03:45:45.627778Z
# User@Host: root[root] @  [172.18.0.1]  Id:   459
# Query_time: 5.019875  Lock_time: 0.000478 Rows_sent: 32842  Rows_examined: 32842
SET timestamp=1694663145;
SELECT * FROM `st_album`  WHERE (state = 1);
# Time: 2023-09-14T03:45:45.628135Z
# User@Host: root[root] @  [172.18.0.1]  Id:   432
# Query_time: 5.083016  Lock_time: 0.000811 Rows_sent: 32842  Rows_examined: 32842
SET timestamp=1694663145;
SELECT * FROM `st_album`  WHERE (state = 1);
# Time: 2023-09-14T03:45:45.635526Z
# User@Host: root[root] @  [172.18.0.1]  Id:   447
# Query_time: 5.084707  Lock_time: 0.022637 Rows_sent: 32842  Rows_examined: 32842
SET timestamp=1694663145;
SELECT * FROM `st_album`  WHERE (state = 1);
# Time: 2023-09-14T03:45:45.637836Z
# User@Host: root[root] @  [172.18.0.1]  Id:   439
# Query_time: 5.089770  Lock_time: 0.005655 Rows_sent: 32842  Rows_examined: 32842
SET timestamp=1694663145;
SELECT * FROM `st_album`  WHERE (state = 1);
# Time: 2023-09-14T03:45:45.686795Z
# User@Host: root[root] @  [172.18.0.1]  Id:   450
# Query_time: 5.140863  Lock_time: 0.000101 Rows_sent: 32842  Rows_examined: 32842
SET timestamp=1694663145;
SELECT * FROM `st_album`  WHERE (state = 1);
# Time: 2023-09-14T03:45:45.923433Z
# User@Host: root[root] @  [172.18.0.1]  Id:   448
# Query_time: 5.373569  Lock_time: 0.024456 Rows_sent: 32842  Rows_examined: 32842
SET timestamp=1694663145;
SELECT * FROM `st_album`  WHERE (state = 1);
# Time: 2023-09-14T03:45:45.934511Z
# User@Host: root[root] @  [172.18.0.1]  Id:   431
# Query_time: 5.389482  Lock_time: 0.001001 Rows_sent: 32842  Rows_examined: 32842
SET timestamp=1694663145;
SELECT * FROM `st_album`  WHERE (state = 1);
# Time: 2023-09-14T03:45:45.965304Z
# User@Host: root[root] @  [172.18.0.1]  Id:   457
# Query_time: 5.410371  Lock_time: 0.000512 Rows_sent: 32842  Rows_examined: 32842
SET timestamp=1694663145;
SELECT * FROM `st_album`  WHERE (state = 1);
# Time: 2023-09-14T03:45:45.982274Z
# User@Host: root[root] @  [172.18.0.1]  Id:   441
# Query_time: 5.436476  Lock_time: 0.000293 Rows_sent: 32842  Rows_examined: 32842
SET timestamp=1694663145;
SELECT * FROM `st_album`  WHERE (state = 1);
# Time: 2023-09-14T03:45:45.991846Z
# User@Host: root[root] @  [172.18.0.1]  Id:   445
# Query_time: 5.441511  Lock_time: 0.023535 Rows_sent: 32842  Rows_examined: 32842
SET timestamp=1694663145;
SELECT * FROM `st_album`  WHERE (state = 1);
# Time: 2023-09-14T03:45:46.106515Z
# User@Host: root[root] @  [172.18.0.1]  Id:   444
# Query_time: 5.538974  Lock_time: 0.000109 Rows_sent: 32842  Rows_examined: 32842
SET timestamp=1694663146;
SELECT * FROM `st_album`  WHERE (state = 1);
# Time: 2023-09-14T03:45:46.164553Z
# User@Host: root[root] @  [172.18.0.1]  Id:   452
# Query_time: 5.594065  Lock_time: 0.000230 Rows_sent: 32842  Rows_examined: 32842
SET timestamp=1694663146;
SELECT * FROM `st_album`  WHERE (state = 1);
# Time: 2023-09-14T03:45:46.236994Z
# User@Host: root[root] @  [172.18.0.1]  Id:   443
# Query_time: 5.689867  Lock_time: 0.000180 Rows_sent: 32842  Rows_examined: 32842
SET timestamp=1694663146;
SELECT * FROM `st_album`  WHERE (state = 1);
# Time: 2023-09-14T03:45:46.287521Z
# User@Host: root[root] @  [172.18.0.1]  Id:   433
# Query_time: 5.741518  Lock_time: 0.001403 Rows_sent: 32842  Rows_examined: 32842
SET timestamp=1694663146;
SELECT * FROM `st_album`  WHERE (state = 1);
# Time: 2023-09-14T03:45:46.336782Z
# User@Host: root[root] @  [172.18.0.1]  Id:   458
# Query_time: 5.788768  Lock_time: 0.025781 Rows_sent: 32842  Rows_examined: 32842
SET timestamp=1694663146;
SELECT * FROM `st_album`  WHERE (state = 1);
# Time: 2023-09-14T03:45:51.900594Z
# User@Host: root[root] @  [172.18.0.1]  Id:   438
# Query_time: 4.643814  Lock_time: 0.000154 Rows_sent: 32842  Rows_examined: 32842
SET timestamp=1694663151;
SELECT * FROM `st_album`  WHERE (state = 1);
# Time: 2023-09-14T03:45:51.918490Z
# User@Host: root[root] @  [172.18.0.1]  Id:   436
# Query_time: 4.257263  Lock_time: 0.000221 Rows_sent: 32842  Rows_examined: 32842
SET timestamp=1694663151;
SELECT * FROM `st_album`  WHERE (state = 1);
# Time: 2023-09-14T03:45:51.956419Z
# User@Host: root[root] @  [172.18.0.1]  Id:   442
# Query_time: 4.632063  Lock_time: 0.000110 Rows_sent: 32842  Rows_examined: 32842
SET timestamp=1694663151;
SELECT * FROM `st_album`  WHERE (state = 1);
# Time: 2023-09-14T03:45:52.082480Z
# User@Host: root[root] @  [172.18.0.1]  Id:   430
# Query_time: 4.015531  Lock_time: 0.000113 Rows_sent: 32842  Rows_examined: 32842
SET timestamp=1694663152;
SELECT * FROM `st_album`  WHERE (state = 1);
# Time: 2023-09-14T03:45:52.441805Z
# User@Host: root[root] @  [172.18.0.1]  Id:   449
# Query_time: 4.908534  Lock_time: 0.000097 Rows_sent: 32842  Rows_examined: 32842
SET timestamp=1694663152;
SELECT * FROM `st_album`  WHERE (state = 1);
# Time: 2023-09-14T03:45:53.176724Z
# User@Host: root[root] @  [172.18.0.1]  Id:   453
# Query_time: 5.204737  Lock_time: 0.000176 Rows_sent: 32842  Rows_examined: 32842
SET timestamp=1694663153;
SELECT * FROM `st_album`  WHERE (state = 1);
# Time: 2023-09-14T03:45:53.188764Z
# User@Host: root[root] @  [172.18.0.1]  Id:   461
# Query_time: 5.091041  Lock_time: 0.000103 Rows_sent: 32842  Rows_examined: 32842
SET timestamp=1694663153;
SELECT * FROM `st_album`  WHERE (state = 1);
# Time: 2023-09-14T03:45:53.209491Z
# User@Host: root[root] @  [172.18.0.1]  Id:   456
# Query_time: 5.188658  Lock_time: 0.000102 Rows_sent: 32842  Rows_examined: 32842
SET timestamp=1694663153;
SELECT * FROM `st_album`  WHERE (state = 1);
# Time: 2023-09-14T03:45:53.833306Z
# User@Host: root[root] @  [172.18.0.1]  Id:   446
# Query_time: 5.600277  Lock_time: 0.000141 Rows_sent: 32842  Rows_examined: 32842
SET timestamp=1694663153;
SELECT * FROM `st_album`  WHERE (state = 1);
# Time: 2023-09-14T03:45:53.964192Z
# User@Host: root[root] @  [172.18.0.1]  Id:   440
# Query_time: 6.259195  Lock_time: 0.000326 Rows_sent: 32842  Rows_examined: 32842
SET timestamp=1694663153;
SELECT * FROM `st_album`  WHERE (state = 1);
# Time: 2023-09-14T03:45:53.998821Z
# User@Host: root[root] @  [172.18.0.1]  Id:   432
# Query_time: 5.135796  Lock_time: 0.000137 Rows_sent: 32842  Rows_examined: 32842
SET timestamp=1694663153;
SELECT * FROM `st_album`  WHERE (state = 1);
# Time: 2023-09-14T03:45:54.138201Z
# User@Host: root[root] @  [172.18.0.1]  Id:   434
# Query_time: 5.756449  Lock_time: 0.000165 Rows_sent: 32842  Rows_examined: 32842
SET timestamp=1694663154;
SELECT * FROM `st_album`  WHERE (state = 1);
# Time: 2023-09-14T03:45:54.163781Z
# User@Host: root[root] @  [172.18.0.1]  Id:   462
# Query_time: 6.113408  Lock_time: 0.000141 Rows_sent: 32842  Rows_examined: 32842
SET timestamp=1694663154;
SELECT * FROM `st_album`  WHERE (state = 1);
# Time: 2023-09-14T03:45:54.254658Z
# User@Host: root[root] @  [172.18.0.1]  Id:   433
# Query_time: 4.887418  Lock_time: 0.000129 Rows_sent: 32842  Rows_examined: 32842
SET timestamp=1694663154;
SELECT * FROM `st_album`  WHERE (state = 1);
# Time: 2023-09-14T03:45:54.263009Z
# User@Host: root[root] @  [172.18.0.1]  Id:   460
# Query_time: 5.748718  Lock_time: 0.000095 Rows_sent: 32842  Rows_examined: 32842
SET timestamp=1694663154;
SELECT * FROM `st_album`  WHERE (state = 1);
# Time: 2023-09-14T03:45:54.289337Z
# User@Host: root[root] @  [172.18.0.1]  Id:   458
# Query_time: 5.035858  Lock_time: 0.000113 Rows_sent: 32842  Rows_examined: 32842
SET timestamp=1694663154;
SELECT * FROM `st_album`  WHERE (state = 1);
# Time: 2023-09-14T03:45:54.294264Z
# User@Host: root[root] @  [172.18.0.1]  Id:   431
# Query_time: 5.352162  Lock_time: 0.000145 Rows_sent: 32842  Rows_examined: 32842
SET timestamp=1694663154;
SELECT * FROM `st_album`  WHERE (state = 1);
# Time: 2023-09-14T03:45:54.330678Z
# User@Host: root[root] @  [172.18.0.1]  Id:   451
# Query_time: 5.448735  Lock_time: 0.000111 Rows_sent: 32842  Rows_examined: 32842
SET timestamp=1694663154;
SELECT * FROM `st_album`  WHERE (state = 1);
# Time: 2023-09-14T03:45:54.387180Z
# User@Host: root[root] @  [172.18.0.1]  Id:   459
# Query_time: 5.752669  Lock_time: 0.000088 Rows_sent: 32842  Rows_examined: 32842
SET timestamp=1694663154;
SELECT * FROM `st_album`  WHERE (state = 1);
# Time: 2023-09-14T03:45:54.567280Z
# User@Host: root[root] @  [172.18.0.1]  Id:   457
# Query_time: 5.916629  Lock_time: 0.000498 Rows_sent: 32842  Rows_examined: 32842
SET timestamp=1694663154;
SELECT * FROM `st_album`  WHERE (state = 1);
# Time: 2023-09-14T03:45:54.630693Z
# User@Host: root[root] @  [172.18.0.1]  Id:   447
# Query_time: 6.000402  Lock_time: 0.000119 Rows_sent: 32842  Rows_examined: 32842
SET timestamp=1694663154;
SELECT * FROM `st_album`  WHERE (state = 1);
# Time: 2023-09-14T03:45:54.727977Z
# User@Host: root[root] @  [172.18.0.1]  Id:   445
# Query_time: 5.511799  Lock_time: 0.000108 Rows_sent: 32842  Rows_examined: 32842
SET timestamp=1694663154;
SELECT * FROM `st_album`  WHERE (state = 1);
# Time: 2023-09-14T03:45:54.807395Z
# User@Host: root[root] @  [172.18.0.1]  Id:   450
# Query_time: 5.240167  Lock_time: 0.000105 Rows_sent: 32842  Rows_examined: 32842
SET timestamp=1694663154;
SELECT * FROM `st_album`  WHERE (state = 1);
# Time: 2023-09-14T03:45:54.873162Z
# User@Host: root[root] @  [172.18.0.1]  Id:   444
# Query_time: 5.082814  Lock_time: 0.000100 Rows_sent: 32842  Rows_examined: 32842
SET timestamp=1694663154;
SELECT * FROM `st_album`  WHERE (state = 1);
# Time: 2023-09-14T03:45:55.111480Z
# User@Host: root[root] @  [172.18.0.1]  Id:   455
# Query_time: 6.564605  Lock_time: 0.000453 Rows_sent: 32842  Rows_examined: 32842
SET timestamp=1694663155;
SELECT * FROM `st_album`  WHERE (state = 1);
# Time: 2023-09-14T03:45:55.132302Z
# User@Host: root[root] @  [172.18.0.1]  Id:   435
# Query_time: 6.345592  Lock_time: 0.000107 Rows_sent: 32842  Rows_examined: 32842
SET timestamp=1694663155;
SELECT * FROM `st_album`  WHERE (state = 1);
# Time: 2023-09-14T03:45:55.279987Z
# User@Host: root[root] @  [172.18.0.1]  Id:   452
# Query_time: 6.068960  Lock_time: 0.000160 Rows_sent: 32842  Rows_examined: 32842
SET timestamp=1694663155;
SELECT * FROM `st_album`  WHERE (state = 1);
# Time: 2023-09-14T03:45:55.305170Z
# User@Host: root[root] @  [172.18.0.1]  Id:   443
# Query_time: 6.469725  Lock_time: 0.000210 Rows_sent: 32842  Rows_examined: 32842
SET timestamp=1694663155;
SELECT * FROM `st_album`  WHERE (state = 1);
# Time: 2023-09-14T03:45:55.323831Z
# User@Host: root[root] @  [172.18.0.1]  Id:   437
# Query_time: 7.021120  Lock_time: 0.006442 Rows_sent: 32842  Rows_examined: 32842
SET timestamp=1694663155;
SELECT * FROM `st_album`  WHERE (state = 1);
# Time: 2023-09-14T03:45:55.349615Z
# User@Host: root[root] @  [172.18.0.1]  Id:   441
# Query_time: 5.640377  Lock_time: 0.000437 Rows_sent: 32842  Rows_examined: 32842
SET timestamp=1694663155;
SELECT * FROM `st_album`  WHERE (state = 1);
# Time: 2023-09-14T03:45:55.626946Z
# User@Host: root[root] @  [172.18.0.1]  Id:   439
# Query_time: 6.684999  Lock_time: 0.000483 Rows_sent: 32842  Rows_examined: 32842
SET timestamp=1694663155;
SELECT * FROM `st_album`  WHERE (state = 1);
# Time: 2023-09-14T03:45:55.854408Z
# User@Host: root[root] @  [172.18.0.1]  Id:   448
# Query_time: 6.728343  Lock_time: 0.000113 Rows_sent: 32842  Rows_examined: 32842
SET timestamp=1694663155;
SELECT * FROM `st_album`  WHERE (state = 1);
# Time: 2023-09-14T03:45:55.869764Z
# User@Host: root[root] @  [172.18.0.1]  Id:   454
# Query_time: 6.841696  Lock_time: 0.009948 Rows_sent: 32842  Rows_examined: 32842
SET timestamp=1694663155;
SELECT * FROM `st_album`  WHERE (state = 1);
# Time: 2023-09-14T03:45:59.724250Z
# User@Host: root[root] @  [172.18.0.1]  Id:   442
# Query_time: 4.702533  Lock_time: 0.000131 Rows_sent: 32842  Rows_examined: 32842
SET timestamp=1694663159;
SELECT * FROM `st_album`  WHERE (state = 1);
# Time: 2023-09-14T03:46:00.247372Z
# User@Host: root[root] @  [172.18.0.1]  Id:   436
# Query_time: 4.273850  Lock_time: 0.000164 Rows_sent: 32842  Rows_examined: 32842
SET timestamp=1694663160;
SELECT * FROM `st_album`  WHERE (state = 1);
# Time: 2023-09-14T03:46:01.302937Z
# User@Host: root[root] @  [172.18.0.1]  Id:   430
# Query_time: 4.893952  Lock_time: 0.000154 Rows_sent: 32842  Rows_examined: 32842
SET timestamp=1694663161;
SELECT * FROM `st_album`  WHERE (state = 1);
# Time: 2023-09-14T03:46:01.316237Z
# User@Host: root[root] @  [172.18.0.1]  Id:   440
# Query_time: 4.794372  Lock_time: 0.000098 Rows_sent: 32842  Rows_examined: 32842
SET timestamp=1694663161;
SELECT * FROM `st_album`  WHERE (state = 1);
# Time: 2023-09-14T03:46:01.547242Z
# User@Host: root[root] @  [172.18.0.1]  Id:   438
# Query_time: 5.120592  Lock_time: 0.000136 Rows_sent: 32842  Rows_examined: 32842
SET timestamp=1694663161;
SELECT * FROM `st_album`  WHERE (state = 1);
# Time: 2023-09-14T03:46:02.225275Z
# User@Host: root[root] @  [172.18.0.1]  Id:   449
# Query_time: 4.977680  Lock_time: 0.000402 Rows_sent: 32842  Rows_examined: 32842
SET timestamp=1694663162;
SELECT * FROM `st_album`  WHERE (state = 1);
# Time: 2023-09-14T03:46:02.252202Z
# User@Host: root[root] @  [172.18.0.1]  Id:   462
# Query_time: 5.098115  Lock_time: 0.000103 Rows_sent: 32842  Rows_examined: 32842
SET timestamp=1694663162;
SELECT * FROM `st_album`  WHERE (state = 1);
# Time: 2023-09-14T03:46:02.292403Z
# User@Host: root[root] @  [172.18.0.1]  Id:   461
# Query_time: 5.969842  Lock_time: 0.000106 Rows_sent: 32842  Rows_examined: 32842
SET timestamp=1694663162;
SELECT * FROM `st_album`  WHERE (state = 1);
# Time: 2023-09-14T03:46:02.359561Z
# User@Host: root[root] @  [172.18.0.1]  Id:   431
# Query_time: 5.237849  Lock_time: 0.000165 Rows_sent: 32842  Rows_examined: 32842
SET timestamp=1694663162;
SELECT * FROM `st_album`  WHERE (state = 1);
# Time: 2023-09-14T03:46:02.397559Z
# User@Host: root[root] @  [172.18.0.1]  Id:   456
# Query_time: 5.452669  Lock_time: 0.000096 Rows_sent: 32842  Rows_examined: 32842
SET timestamp=1694663162;
SELECT * FROM `st_album`  WHERE (state = 1);
# Time: 2023-09-14T03:46:02.632665Z
# User@Host: root[root] @  [172.18.0.1]  Id:   450
# Query_time: 4.073665  Lock_time: 0.000453 Rows_sent: 32842  Rows_examined: 32842
SET timestamp=1694663162;
SELECT * FROM `st_album`  WHERE (state = 1);
# Time: 2023-09-14T03:46:02.693739Z
# User@Host: root[root] @  [172.18.0.1]  Id:   458
# Query_time: 4.637729  Lock_time: 0.000114 Rows_sent: 32842  Rows_examined: 32842
SET timestamp=1694663162;
SELECT * FROM `st_album`  WHERE (state = 1);
# Time: 2023-09-14T03:46:02.755414Z
# User@Host: root[root] @  [172.18.0.1]  Id:   459
# Query_time: 4.202309  Lock_time: 0.000108 Rows_sent: 32842  Rows_examined: 32842
SET timestamp=1694663162;
SELECT * FROM `st_album`  WHERE (state = 1);
# Time: 2023-09-14T03:46:02.768743Z
# User@Host: root[root] @  [172.18.0.1]  Id:   447
# Query_time: 5.245570  Lock_time: 0.000072 Rows_sent: 32842  Rows_examined: 32842
SET timestamp=1694663162;
SELECT * FROM `st_album`  WHERE (state = 1);
# Time: 2023-09-14T03:46:02.861026Z
# User@Host: root[root] @  [172.18.0.1]  Id:   453
# Query_time: 6.277150  Lock_time: 0.000192 Rows_sent: 32842  Rows_examined: 32842
SET timestamp=1694663162;
SELECT * FROM `st_album`  WHERE (state = 1);
# Time: 2023-09-14T03:46:02.921727Z
# User@Host: root[root] @  [172.18.0.1]  Id:   452
# Query_time: 4.307862  Lock_time: 0.000099 Rows_sent: 32842  Rows_examined: 32842
SET timestamp=1694663162;
SELECT * FROM `st_album`  WHERE (state = 1);
# Time: 2023-09-14T03:46:02.927668Z
# User@Host: root[root] @  [172.18.0.1]  Id:   444
# Query_time: 3.949437  Lock_time: 0.000124 Rows_sent: 32842  Rows_examined: 32842
SET timestamp=1694663162;
SELECT * FROM `st_album`  WHERE (state = 1);
# Time: 2023-09-14T03:46:03.070006Z
# User@Host: root[root] @  [172.18.0.1]  Id:   446
# Query_time: 5.800757  Lock_time: 0.000099 Rows_sent: 32842  Rows_examined: 32842
SET timestamp=1694663163;
SELECT * FROM `st_album`  WHERE (state = 1);
# Time: 2023-09-14T03:46:03.404244Z
# User@Host: root[root] @  [172.18.0.1]  Id:   445
# Query_time: 5.411248  Lock_time: 0.000154 Rows_sent: 32842  Rows_examined: 32842
SET timestamp=1694663163;
SELECT * FROM `st_album`  WHERE (state = 1);
# Time: 2023-09-14T03:46:03.614355Z
# User@Host: root[root] @  [172.18.0.1]  Id:   437
# Query_time: 4.996890  Lock_time: 0.000136 Rows_sent: 32842  Rows_examined: 32842
SET timestamp=1694663163;
SELECT * FROM `st_album`  WHERE (state = 1);
# Time: 2023-09-14T03:46:03.720404Z
# User@Host: root[root] @  [172.18.0.1]  Id:   432
# Query_time: 5.490104  Lock_time: 0.000112 Rows_sent: 32842  Rows_examined: 32842
SET timestamp=1694663163;
SELECT * FROM `st_album`  WHERE (state = 1);
# Time: 2023-09-14T03:46:03.744268Z
# User@Host: root[root] @  [172.18.0.1]  Id:   434
# Query_time: 5.032427  Lock_time: 0.000132 Rows_sent: 32842  Rows_examined: 32842
SET timestamp=1694663163;
SELECT * FROM `st_album`  WHERE (state = 1);
# Time: 2023-09-14T03:46:03.747334Z
# User@Host: root[root] @  [172.18.0.1]  Id:   457
# Query_time: 6.224585  Lock_time: 0.000157 Rows_sent: 32842  Rows_examined: 32842
SET timestamp=1694663163;
SELECT * FROM `st_album`  WHERE (state = 1);
# Time: 2023-09-14T03:46:03.885027Z
# User@Host: root[root] @  [172.18.0.1]  Id:   451
# Query_time: 5.704961  Lock_time: 0.000168 Rows_sent: 32842  Rows_examined: 32842
SET timestamp=1694663163;
SELECT * FROM `st_album`  WHERE (state = 1);
# Time: 2023-09-14T03:46:03.955756Z
# User@Host: root[root] @  [172.18.0.1]  Id:   460
# Query_time: 5.308906  Lock_time: 0.000107 Rows_sent: 32842  Rows_examined: 32842
SET timestamp=1694663163;
SELECT * FROM `st_album`  WHERE (state = 1);
# Time: 2023-09-14T03:46:03.987812Z
# User@Host: root[root] @  [172.18.0.1]  Id:   443
# Query_time: 5.577366  Lock_time: 0.000105 Rows_sent: 32842  Rows_examined: 32842
SET timestamp=1694663163;
SELECT * FROM `st_album`  WHERE (state = 1);
# Time: 2023-09-14T03:46:04.059148Z
# User@Host: root[root] @  [172.18.0.1]  Id:   448
# Query_time: 5.197170  Lock_time: 0.000147 Rows_sent: 32842  Rows_examined: 32842
SET timestamp=1694663164;
SELECT * FROM `st_album`  WHERE (state = 1);
# Time: 2023-09-14T03:46:04.249895Z
# User@Host: root[root] @  [172.18.0.1]  Id:   435
# Query_time: 5.515101  Lock_time: 0.000100 Rows_sent: 32842  Rows_examined: 32842
SET timestamp=1694663164;
SELECT * FROM `st_album`  WHERE (state = 1);
# Time: 2023-09-14T03:46:04.256876Z
# User@Host: root[root] @  [172.18.0.1]  Id:   455
# Query_time: 5.551469  Lock_time: 0.000104 Rows_sent: 32842  Rows_examined: 32842
SET timestamp=1694663164;
SELECT * FROM `st_album`  WHERE (state = 1);
# Time: 2023-09-14T03:46:04.319714Z
# User@Host: root[root] @  [172.18.0.1]  Id:   433
# Query_time: 6.637800  Lock_time: 0.000151 Rows_sent: 32842  Rows_examined: 32842
SET timestamp=1694663164;
SELECT * FROM `st_album`  WHERE (state = 1);
# Time: 2023-09-14T03:46:04.405408Z
# User@Host: root[root] @  [172.18.0.1]  Id:   441
# Query_time: 5.133442  Lock_time: 0.000276 Rows_sent: 32842  Rows_examined: 32842
SET timestamp=1694663164;
SELECT * FROM `st_album`  WHERE (state = 1);
# Time: 2023-09-14T03:46:04.963763Z
# User@Host: root[root] @  [172.18.0.1]  Id:   454
# Query_time: 5.274383  Lock_time: 0.000465 Rows_sent: 32842  Rows_examined: 32842
SET timestamp=1694663164;
SELECT * FROM `st_album`  WHERE (state = 1);
# Time: 2023-09-14T03:46:05.356261Z
# User@Host: root[root] @  [172.18.0.1]  Id:   439
# Query_time: 6.328258  Lock_time: 0.000199 Rows_sent: 32842  Rows_examined: 32842
SET timestamp=1694663165;
SELECT * FROM `st_album`  WHERE (state = 1);
# Time: 2023-09-14T03:46:07.953546Z
# User@Host: root[root] @  [172.18.0.1]  Id:   442
# Query_time: 4.999962  Lock_time: 0.000352 Rows_sent: 32842  Rows_examined: 32842
SET timestamp=1694663167;
SELECT * FROM `st_album`  WHERE (state = 1);
# Time: 2023-09-14T03:46:08.608319Z
# User@Host: root[root] @  [172.18.0.1]  Id:   430
# Query_time: 3.917652  Lock_time: 0.000186 Rows_sent: 32842  Rows_examined: 32842
SET timestamp=1694663168;
SELECT * FROM `st_album`  WHERE (state = 1);
# Time: 2023-09-14T03:46:08.750334Z
# User@Host: root[root] @  [172.18.0.1]  Id:   436
# Query_time: 4.291864  Lock_time: 0.000173 Rows_sent: 32842  Rows_examined: 32842
SET timestamp=1694663168;
SELECT * FROM `st_album`  WHERE (state = 1);
# Time: 2023-09-14T03:46:09.448174Z
# User@Host: root[root] @  [172.18.0.1]  Id:   440
# Query_time: 5.081017  Lock_time: 0.000111 Rows_sent: 32842  Rows_examined: 32842
SET timestamp=1694663169;
SELECT * FROM `st_album`  WHERE (state = 1);
# Time: 2023-09-14T03:46:10.206493Z
# User@Host: root[root] @  [172.18.0.1]  Id:   431
# Query_time: 5.296122  Lock_time: 0.000217 Rows_sent: 32842  Rows_examined: 32842
SET timestamp=1694663170;
SELECT * FROM `st_album`  WHERE (state = 1);
# Time: 2023-09-14T03:46:10.496167Z
# User@Host: root[root] @  [172.18.0.1]  Id:   438
# Query_time: 5.595990  Lock_time: 0.000105 Rows_sent: 32842  Rows_examined: 32842
SET timestamp=1694663170;
SELECT * FROM `st_album`  WHERE (state = 1);
# Time: 2023-09-14T03:46:10.836050Z
# User@Host: root[root] @  [172.18.0.1]  Id:   447
# Query_time: 5.030773  Lock_time: 0.000106 Rows_sent: 32842  Rows_examined: 32842
SET timestamp=1694663170;
SELECT * FROM `st_album`  WHERE (state = 1);
# Time: 2023-09-14T03:46:10.912529Z
# User@Host: root[root] @  [172.18.0.1]  Id:   456
# Query_time: 4.887749  Lock_time: 0.000124 Rows_sent: 32842  Rows_examined: 32842
SET timestamp=1694663170;
SELECT * FROM `st_album`  WHERE (state = 1);
# Time: 2023-09-14T03:46:10.946102Z
# User@Host: root[root] @  [172.18.0.1]  Id:   462
# Query_time: 5.076080  Lock_time: 0.000177 Rows_sent: 32842  Rows_examined: 32842
SET timestamp=1694663170;
SELECT * FROM `st_album`  WHERE (state = 1);
# Time: 2023-09-14T03:46:11.003936Z
# User@Host: root[root] @  [172.18.0.1]  Id:   450
# Query_time: 4.434681  Lock_time: 0.000115 Rows_sent: 32842  Rows_examined: 32842
SET timestamp=1694663171;
SELECT * FROM `st_album`  WHERE (state = 1);
# Time: 2023-09-14T03:46:11.027826Z
# User@Host: root[root] @  [172.18.0.1]  Id:   446
# Query_time: 4.927896  Lock_time: 0.000352 Rows_sent: 32842  Rows_examined: 32842
SET timestamp=1694663171;
SELECT * FROM `st_album`  WHERE (state = 1);
# Time: 2023-09-14T03:46:11.091250Z
# User@Host: root[root] @  [172.18.0.1]  Id:   461
# Query_time: 5.161310  Lock_time: 0.000146 Rows_sent: 32842  Rows_examined: 32842
SET timestamp=1694663171;
SELECT * FROM `st_album`  WHERE (state = 1);
# Time: 2023-09-14T03:46:11.294868Z
# User@Host: root[root] @  [172.18.0.1]  Id:   452
# Query_time: 4.780351  Lock_time: 0.000125 Rows_sent: 32842  Rows_examined: 32842
SET timestamp=1694663171;
SELECT * FROM `st_album`  WHERE (state = 1);
# Time: 2023-09-14T03:46:11.441988Z
# User@Host: root[root] @  [172.18.0.1]  Id:   449
# Query_time: 5.012683  Lock_time: 0.000113 Rows_sent: 32842  Rows_examined: 32842
SET timestamp=1694663171;
SELECT * FROM `st_album`  WHERE (state = 1);
# Time: 2023-09-14T03:46:11.447618Z
# User@Host: root[root] @  [172.18.0.1]  Id:   459
# Query_time: 4.921851  Lock_time: 0.000149 Rows_sent: 32842  Rows_examined: 32842
SET timestamp=1694663171;
SELECT * FROM `st_album`  WHERE (state = 1);
# Time: 2023-09-14T03:46:11.649386Z
# User@Host: root[root] @  [172.18.0.1]  Id:   458
# Query_time: 5.539943  Lock_time: 0.000152 Rows_sent: 32842  Rows_examined: 32842
SET timestamp=1694663171;
SELECT * FROM `st_album`  WHERE (state = 1);
# Time: 2023-09-14T03:46:11.659047Z
# User@Host: root[root] @  [172.18.0.1]  Id:   444
# Query_time: 4.981662  Lock_time: 0.000098 Rows_sent: 32842  Rows_examined: 32842
SET timestamp=1694663171;
SELECT * FROM `st_album`  WHERE (state = 1);
# Time: 2023-09-14T03:46:11.674088Z
# User@Host: root[root] @  [172.18.0.1]  Id:   445
# Query_time: 5.182734  Lock_time: 0.000147 Rows_sent: 32842  Rows_examined: 32842
SET timestamp=1694663171;
SELECT * FROM `st_album`  WHERE (state = 1);
# Time: 2023-09-14T03:46:11.696960Z
# User@Host: root[root] @  [172.18.0.1]  Id:   453
# Query_time: 4.859434  Lock_time: 0.000098 Rows_sent: 32842  Rows_examined: 32842
SET timestamp=1694663171;
SELECT * FROM `st_album`  WHERE (state = 1);
# Time: 2023-09-14T03:46:11.749504Z
# User@Host: root[root] @  [172.18.0.1]  Id:   434
# Query_time: 4.735773  Lock_time: 0.000102 Rows_sent: 32842  Rows_examined: 32842
SET timestamp=1694663171;
SELECT * FROM `st_album`  WHERE (state = 1);
# Time: 2023-09-14T03:46:12.205994Z
# User@Host: root[root] @  [172.18.0.1]  Id:   435
# Query_time: 5.218516  Lock_time: 0.000104 Rows_sent: 32842  Rows_examined: 32842
SET timestamp=1694663172;
SELECT * FROM `st_album`  WHERE (state = 1);
# Time: 2023-09-14T03:46:12.303997Z
# User@Host: root[root] @  [172.18.0.1]  Id:   457
# Query_time: 5.702638  Lock_time: 0.000138 Rows_sent: 32842  Rows_examined: 32842
SET timestamp=1694663172;
SELECT * FROM `st_album`  WHERE (state = 1);
# Time: 2023-09-14T03:46:12.375203Z
# User@Host: root[root] @  [172.18.0.1]  Id:   432
# Query_time: 4.576244  Lock_time: 0.000282 Rows_sent: 32842  Rows_examined: 32842
SET timestamp=1694663172;
SELECT * FROM `st_album`  WHERE (state = 1);
# Time: 2023-09-14T03:46:12.494666Z
# User@Host: root[root] @  [172.18.0.1]  Id:   455
# Query_time: 5.114563  Lock_time: 0.000064 Rows_sent: 32842  Rows_examined: 32842
SET timestamp=1694663172;
SELECT * FROM `st_album`  WHERE (state = 1);
# Time: 2023-09-14T03:46:12.923467Z
# User@Host: root[root] @  [172.18.0.1]  Id:   433
# Query_time: 5.121076  Lock_time: 0.000124 Rows_sent: 32842  Rows_examined: 32842
SET timestamp=1694663172;
SELECT * FROM `st_album`  WHERE (state = 1);
# Time: 2023-09-14T03:46:12.933117Z
# User@Host: root[root] @  [172.18.0.1]  Id:   443
# Query_time: 5.871341  Lock_time: 0.000096 Rows_sent: 32842  Rows_examined: 32842
SET timestamp=1694663172;
SELECT * FROM `st_album`  WHERE (state = 1);
# Time: 2023-09-14T03:46:12.940180Z
# User@Host: root[root] @  [172.18.0.1]  Id:   451
# Query_time: 5.996496  Lock_time: 0.000100 Rows_sent: 32842  Rows_examined: 32842
SET timestamp=1694663172;
SELECT * FROM `st_album`  WHERE (state = 1);
# Time: 2023-09-14T03:46:13.087538Z
# User@Host: root[root] @  [172.18.0.1]  Id:   460
# Query_time: 5.092119  Lock_time: 0.005818 Rows_sent: 32842  Rows_examined: 32842
SET timestamp=1694663173;
SELECT * FROM `st_album`  WHERE (state = 1);
# Time: 2023-09-14T03:46:13.224982Z
# User@Host: root[root] @  [172.18.0.1]  Id:   437
# Query_time: 5.845429  Lock_time: 0.000115 Rows_sent: 32842  Rows_examined: 32842
SET timestamp=1694663173;
SELECT * FROM `st_album`  WHERE (state = 1);
# Time: 2023-09-14T03:46:13.250541Z
# User@Host: root[root] @  [172.18.0.1]  Id:   441
# Query_time: 4.420495  Lock_time: 0.000107 Rows_sent: 32842  Rows_examined: 32842
SET timestamp=1694663173;
SELECT * FROM `st_album`  WHERE (state = 1);
# Time: 2023-09-14T03:46:13.524396Z
# User@Host: root[root] @  [172.18.0.1]  Id:   448
# Query_time: 5.829927  Lock_time: 0.000109 Rows_sent: 32842  Rows_examined: 32842
SET timestamp=1694663173;
SELECT * FROM `st_album`  WHERE (state = 1);
# Time: 2023-09-14T03:46:13.563305Z
# User@Host: root[root] @  [172.18.0.1]  Id:   454
# Query_time: 5.114706  Lock_time: 0.000100 Rows_sent: 32842  Rows_examined: 32842
SET timestamp=1694663173;
SELECT * FROM `st_album`  WHERE (state = 1);
# Time: 2023-09-14T03:46:14.498709Z
# User@Host: root[root] @  [172.18.0.1]  Id:   439
# Query_time: 5.557344  Lock_time: 0.000119 Rows_sent: 32842  Rows_examined: 32842
SET timestamp=1694663174;
SELECT * FROM `st_album`  WHERE (state = 1);
# Time: 2023-09-14T03:46:15.587758Z
# User@Host: root[root] @  [172.18.0.1]  Id:   442
# Query_time: 5.218490  Lock_time: 0.000103 Rows_sent: 32842  Rows_examined: 32842
SET timestamp=1694663175;
SELECT * FROM `st_album`  WHERE (state = 1);
# Time: 2023-09-14T03:46:17.877368Z
# User@Host: root[root] @  [172.18.0.1]  Id:   430
# Query_time: 5.365503  Lock_time: 0.000157 Rows_sent: 32842  Rows_examined: 32842
SET timestamp=1694663177;
SELECT * FROM `st_album`  WHERE (state = 1);
# Time: 2023-09-14T03:46:18.530072Z
# User@Host: root[root] @  [172.18.0.1]  Id:   436
# Query_time: 5.579818  Lock_time: 0.000185 Rows_sent: 32842  Rows_examined: 32842
SET timestamp=1694663178;
SELECT * FROM `st_album`  WHERE (state = 1);
# Time: 2023-09-14T03:46:18.568725Z
# User@Host: root[root] @  [172.18.0.1]  Id:   431
# Query_time: 5.577453  Lock_time: 0.000111 Rows_sent: 32842  Rows_examined: 32842
SET timestamp=1694663178;
SELECT * FROM `st_album`  WHERE (state = 1);
# Time: 2023-09-14T03:46:18.692267Z
# User@Host: root[root] @  [172.18.0.1]  Id:   447
# Query_time: 4.186791  Lock_time: 0.000154 Rows_sent: 28764  Rows_examined: 28764
SET timestamp=1694663178;
SELECT * FROM `st_album`  WHERE (state = 1);
# Time: 2023-09-14T03:46:18.694778Z
# User@Host: root[root] @  [172.18.0.1]  Id:   462
# Query_time: 4.223292  Lock_time: 0.000280 Rows_sent: 27487  Rows_examined: 27487
SET timestamp=1694663178;
SELECT * FROM `st_album`  WHERE (state = 1);
# Time: 2023-09-14T03:46:18.698328Z
# User@Host: root[root] @  [172.18.0.1]  Id:   445
# Query_time: 3.393237  Lock_time: 0.000216 Rows_sent: 25167  Rows_examined: 25167
SET timestamp=1694663178;
SELECT * FROM `st_album`  WHERE (state = 1);
# Time: 2023-09-14T03:46:18.698415Z
# User@Host: root[root] @  [172.18.0.1]  Id:   438
# Query_time: 4.550887  Lock_time: 0.000174 Rows_sent: 29703  Rows_examined: 29703
SET timestamp=1694663178;
SELECT * FROM `st_album`  WHERE (state = 1);
# Time: 2023-09-14T03:46:18.698650Z
# User@Host: root[root] @  [172.18.0.1]  Id:   446
# Query_time: 4.651702  Lock_time: 0.000282 Rows_sent: 28591  Rows_examined: 28591
SET timestamp=1694663178;
SELECT * FROM `st_album`  WHERE (state = 1);
# Time: 2023-09-14T03:46:18.698776Z
# User@Host: root[root] @  [172.18.0.1]  Id:   435
# Query_time: 3.113750  Lock_time: 0.000112 Rows_sent: 25022  Rows_examined: 25022
SET timestamp=1694663178;
SELECT * FROM `st_album`  WHERE (state = 1);
# Time: 2023-09-14T03:46:18.698798Z
# User@Host: root[root] @  [172.18.0.1]  Id:   458
# Query_time: 3.548605  Lock_time: 0.000131 Rows_sent: 24856  Rows_examined: 24856
SET timestamp=1694663178;
SELECT * FROM `st_album`  WHERE (state = 1);
# Time: 2023-09-14T03:46:18.699047Z
# User@Host: root[root] @  [172.18.0.1]  Id:   461
# Query_time: 4.367270  Lock_time: 0.000097 Rows_sent: 30207  Rows_examined: 30207
SET timestamp=1694663178;
SELECT * FROM `st_album`  WHERE (state = 1);
# Time: 2023-09-14T03:46:18.699260Z
# User@Host: root[root] @  [172.18.0.1]  Id:   440
# Query_time: 5.330172  Lock_time: 0.000112 Rows_sent: 28146  Rows_examined: 28146
SET timestamp=1694663178;
SELECT * FROM `st_album`  WHERE (state = 1);
# Time: 2023-09-14T03:46:18.699595Z
# User@Host: root[root] @  [172.18.0.1]  Id:   444
# Query_time: 4.003534  Lock_time: 0.000538 Rows_sent: 27310  Rows_examined: 27310
SET timestamp=1694663178;
SELECT * FROM `st_album`  WHERE (state = 1);
# Time: 2023-09-14T03:46:18.699738Z
# User@Host: root[root] @  [172.18.0.1]  Id:   450
# Query_time: 4.019256  Lock_time: 0.000477 Rows_sent: 29316  Rows_examined: 29316
SET timestamp=1694663178;
SELECT * FROM `st_album`  WHERE (state = 1);
# Time: 2023-09-14T03:46:18.700187Z
# User@Host: root[root] @  [172.18.0.1]  Id:   449
# Query_time: 3.631317  Lock_time: 0.000107 Rows_sent: 29004  Rows_examined: 29004
SET timestamp=1694663178;
SELECT * FROM `st_album`  WHERE (state = 1);
# Time: 2023-09-14T03:46:18.700348Z
# User@Host: root[root] @  [172.18.0.1]  Id:   452
# Query_time: 3.772955  Lock_time: 0.000148 Rows_sent: 28428  Rows_examined: 28428
SET timestamp=1694663178;
SELECT * FROM `st_album`  WHERE (state = 1);
# Time: 2023-09-14T03:46:18.701068Z
# User@Host: root[root] @  [172.18.0.1]  Id:   456
# Query_time: 4.661820  Lock_time: 0.000165 Rows_sent: 29338  Rows_examined: 29338
SET timestamp=1694663178;
SELECT * FROM `st_album`  WHERE (state = 1);
# Time: 2023-09-16T12:58:27.282037Z
# User@Host: root[root] @  [172.18.0.1]  Id:   599
# Query_time: 4.237799  Lock_time: 0.003892 Rows_sent: 0  Rows_examined: 78321
SET timestamp=1694869107;
INSERT INTO `st_album_copy1` SELECT * FROM `web`.`st_album`;
mysqld, Version: 5.7.28-log (MySQL Community Server (GPL)). started with:
Tcp port: 3306  Unix socket: /var/run/mysqld/mysqld.sock
Time                 Id Command    Argument
mysqld, Version: 5.7.28-log (MySQL Community Server (GPL)). started with:
Tcp port: 3306  Unix socket: /var/run/mysqld/mysqld.sock
Time                 Id Command    Argument
mysqld, Version: 5.7.28-log (MySQL Community Server (GPL)). started with:
Tcp port: 3306  Unix socket: /var/run/mysqld/mysqld.sock
Time                 Id Command    Argument
mysqld, Version: 5.7.28-log (MySQL Community Server (GPL)). started with:
Tcp port: 3306  Unix socket: /var/run/mysqld/mysqld.sock
Time                 Id Command    Argument
mysqld, Version: 5.7.28-log (MySQL Community Server (GPL)). started with:
Tcp port: 3306  Unix socket: /var/run/mysqld/mysqld.sock
Time                 Id Command    Argument
